Build started 22-07-2015 16:44:28.
     1>Project "C:\Users\itzme\Documents\Visual Studio 2010\Projects\hmm\hmm\hmm.vcxproj" on node 2 (build target(s)).
     1>InitializeBuildStatus:
         Creating "Debug\hmm.unsuccessfulbuild" because "AlwaysCreate" was specified.
       ClCompile:
         C:\Program Files (x86)\Microsoft Visual Studio 10.0\VC\bin\CL.exe /c /ZI /nologo /W3 /WX- /Od /Oy- /D _MBCS /Gm /EHsc /RTC1 /MDd /GS /fp:precise /Zc:wchar_t /Zc:forScope /Fo"Debug\\" /Fd"Debug\vc100.pdb" /Gd /TP /analyze- /errorReport:prompt main.cpp
         main.cpp
     1>c:\users\itzme\documents\visual studio 2010\projects\hmm\hmm\main.cpp(20): warning C4996: 'sprintf': This function or variable may be unsafe. Consider using sprintf_s instead. To disable deprecation, use _CRT_SECURE_NO_WARNINGS. See online help for details.
                 c:\program files (x86)\microsoft visual studio 10.0\vc\include\stdio.h(371) : see declaration of 'sprintf'
     1>c:\users\itzme\documents\visual studio 2010\projects\hmm\hmm\main.cpp(28): warning C4996: 'sprintf': This function or variable may be unsafe. Consider using sprintf_s instead. To disable deprecation, use _CRT_SECURE_NO_WARNINGS. See online help for details.
                 c:\program files (x86)\microsoft visual studio 10.0\vc\include\stdio.h(371) : see declaration of 'sprintf'
     1>c:\users\itzme\documents\visual studio 2010\projects\hmm\hmm\main.cpp(75): warning C4996: 'scanf': This function or variable may be unsafe. Consider using scanf_s instead. To disable deprecation, use _CRT_SECURE_NO_WARNINGS. See online help for details.
                 c:\program files (x86)\microsoft visual studio 10.0\vc\include\stdio.h(304) : see declaration of 'scanf'
     1>c:\users\itzme\documents\visual studio 2010\projects\hmm\hmm\main.cpp(85): warning C4996: 'scanf': This function or variable may be unsafe. Consider using scanf_s instead. To disable deprecation, use _CRT_SECURE_NO_WARNINGS. See online help for details.
                 c:\program files (x86)\microsoft visual studio 10.0\vc\include\stdio.h(304) : see declaration of 'scanf'
     1>c:\users\itzme\documents\visual studio 2010\projects\hmm\hmm\main.cpp(69): warning C4101: 'i' : unreferenced local variable
     1>c:\users\itzme\documents\visual studio 2010\projects\hmm\hmm\main.cpp(69): warning C4101: 'j' : unreferenced local variable
       Link:
         C:\Program Files (x86)\Microsoft Visual Studio 10.0\VC\bin\link.exe /ERRORREPORT:PROMPT /OUT:"C:\Users\itzme\Documents\Visual Studio 2010\Projects\hmm\Debug\hmm.exe" /NOLOGO kernel32.lib user32.lib gdi32.lib winspool.lib comdlg32.lib advapi32.lib shell32.lib ole32.lib oleaut32.lib uuid.lib odbc32.lib odbccp32.lib /MANIFEST /ManifestFile:"Debug\hmm.exe.intermediate.manifest" /MANIFESTUAC:"level='asInvoker' uiAccess='false'" /DEBUG /PDB:"C:\Users\itzme\Documents\Visual Studio 2010\Projects\hmm\Debug\hmm.pdb" /TLBID:1 /DYNAMICBASE /NXCOMPAT /IMPLIB:"C:\Users\itzme\Documents\Visual Studio 2010\Projects\hmm\Debug\hmm.lib" /MACHINE:X86 Debug\codebook.obj
         Debug\frame.obj
         Debug\hmm.obj
         Debug\lamda.obj
         Debug\log.obj
         Debug\main.obj
         Debug\speech.obj
         Debug\util.obj
         Debug\vq.obj
         LINK : C:\Users\itzme\Documents\Visual Studio 2010\Projects\hmm\Debug\hmm.exe not found or not built by the last incremental link; performing full link
         hmm.vcxproj -> C:\Users\itzme\Documents\Visual Studio 2010\Projects\hmm\Debug\hmm.exe
       Manifest:
         C:\Program Files (x86)\Microsoft SDKs\Windows\v7.0A\bin\mt.exe /nologo /verbose /outputresource:"C:\Users\itzme\Documents\Visual Studio 2010\Projects\hmm\Debug\hmm.exe;#1" /manifest Debug\hmm.exe.intermediate.manifest
       FinalizeBuildStatus:
         Deleting file "Debug\hmm.unsuccessfulbuild".
         Touching "Debug\hmm.lastbuildstate".
     1>Done Building Project "C:\Users\itzme\Documents\Visual Studio 2010\Projects\hmm\hmm\hmm.vcxproj" (build target(s)).

Build succeeded.

Time Elapsed 00:00:01.47
